
> odometerapi@0.0.0 start /home/renault/Documents/repo/ethereum_poo/api_admin1/odometerapi
> node ./bin/www

[Mon Sep 30 17:38:25 2019] com.ibm.diagnostics.healthcenter.loader INFO: Node Application Metrics 5.0.5.201909301732 (Agent Core 4.0.5)
[Mon Sep 30 17:38:25 2019] com.ibm.diagnostics.healthcenter.mqtt INFO: Connecting to broker localhost:1883
Cannot find module 'node-report/api': skipping optional dependency
appmetrics-dash listening on :::3001
Job Add Signature to PEnding Transaction InitiatedTypeError: Cannot convert undefined or null to object
Job Add Signature to PEnding Transaction InitiatedTypeError: Cannot convert undefined or null to object
Job Add Signature to PEnding Transaction InitiatedTypeError: Cannot convert undefined or null to object
Job Add Signature to PEnding Transaction InitiatedTypeError: Cannot convert undefined or null to object
Job Add Signature to PEnding Transaction InitiatedTypeError: Cannot convert undefined or null to object
Job Add Signature to PEnding Transaction InitiatedTypeError: Cannot convert undefined or null to object
Job Add Signature to PEnding Transaction InitiatedTypeError: Cannot convert undefined or null to object
Job Add Signature to PEnding Transaction InitiatedTypeError: Cannot convert undefined or null to object
Job Add Signature to PEnding Transaction InitiatedTypeError: Cannot convert undefined or null to object
Job Add Signature to PEnding Transaction InitiatedTypeError: Cannot convert undefined or null to object
Job Add Signature to PEnding Transaction InitiatedTypeError: Cannot convert undefined or null to object
Job Add Signature to PEnding Transaction InitiatedTypeError: Cannot convert undefined or null to object
Job Add Signature to PEnding Transaction InitiatedTypeError: Cannot convert undefined or null to object
Job Add Signature to PEnding Transaction InitiatedTypeError: Cannot convert undefined or null to object
Job Add Signature to PEnding Transaction InitiatedTypeError: Cannot convert undefined or null to object
Job Add Signature to PEnding Transaction InitiatedTypeError: Cannot convert undefined or null to object
Job Add Signature to PEnding Transaction InitiatedTypeError: Cannot convert undefined or null to object
Job Add Signature to PEnding Transaction InitiatedTypeError: Cannot convert undefined or null to object
Job Add Signature to PEnding Transaction InitiatedTypeError: Cannot convert undefined or null to object
Job Add Signature to PEnding Transaction InitiatedTypeError: Cannot convert undefined or null to object
Job Add Signature to PEnding Transaction InitiatedTypeError: Cannot convert undefined or null to object
Job Add Signature to PEnding Transaction InitiatedTypeError: Cannot convert undefined or null to object
Job Add Signature to PEnding Transaction InitiatedTypeError: Cannot convert undefined or null to object
Job Add Signature to PEnding Transaction InitiatedTypeError: Cannot convert undefined or null to object
Job Add Signature to PEnding Transaction InitiatedTypeError: Cannot convert undefined or null to object
Job Add Signature to PEnding Transaction InitiatedTypeError: Cannot convert undefined or null to object
Job Add Signature to PEnding Transaction InitiatedTypeError: Cannot convert undefined or null to object
Job Add Signature to PEnding Transaction InitiatedTypeError: Cannot convert undefined or null to object
Job Add Signature to PEnding Transaction InitiatedTypeError: Cannot convert undefined or null to object
Job Add Signature to PEnding Transaction InitiatedTypeError: Cannot convert undefined or null to object
Job Add Signature to PEnding Transaction InitiatedTypeError: Cannot convert undefined or null to object
Job Add Signature to PEnding Transaction InitiatedTypeError: Cannot convert undefined or null to object
Job Add Signature to PEnding Transaction InitiatedTypeError: Cannot convert undefined or null to object
Job Add Signature to PEnding Transaction InitiatedTypeError: Cannot convert undefined or null to object
Job Add Signature to PEnding Transaction InitiatedTypeError: Cannot convert undefined or null to object
Job Add Signature to PEnding Transaction InitiatedTypeError: Cannot convert undefined or null to object
Job Add Signature to PEnding Transaction InitiatedTypeError: Cannot convert undefined or null to object
Job Add Signature to PEnding Transaction InitiatedTypeError: Cannot convert undefined or null to object
Job Add Signature to PEnding Transaction InitiatedTypeError: Cannot convert undefined or null to object
Job Add Signature to PEnding Transaction InitiatedTypeError: Cannot convert undefined or null to object
Job Add Signature to PEnding Transaction InitiatedTypeError: Cannot convert undefined or null to object
Job Add Signature to PEnding Transaction InitiatedTypeError: Cannot convert undefined or null to object
Job Add Signature to PEnding Transaction InitiatedTypeError: Cannot convert undefined or null to object
Job Add Signature to PEnding Transaction InitiatedTypeError: Cannot convert undefined or null to object
Job Add Signature to PEnding Transaction InitiatedTypeError: Cannot convert undefined or null to object
Job Add Signature to PEnding Transaction InitiatedTypeError: Cannot convert undefined or null to object
Job Add Signature to PEnding Transaction InitiatedTypeError: Cannot convert undefined or null to object
Job Add Signature to PEnding Transaction InitiatedTypeError: Cannot convert undefined or null to object
Job Add Signature to PEnding Transaction InitiatedTypeError: Cannot convert undefined or null to object
Job Add Signature to PEnding Transaction InitiatedTypeError: Cannot convert undefined or null to object
Job Add Signature to PEnding Transaction InitiatedTypeError: Cannot convert undefined or null to object
Job Add Signature to PEnding Transaction InitiatedTypeError: Cannot convert undefined or null to object
Job Add Signature to PEnding Transaction InitiatedTypeError: Cannot convert undefined or null to object
Job Add Signature to PEnding Transaction InitiatedTypeError: Cannot convert undefined or null to object
Job Add Signature to PEnding Transaction InitiatedTypeError: Cannot convert undefined or null to object
Job Add Signature to PEnding Transaction InitiatedTypeError: Cannot convert undefined or null to object
Job Add Signature to PEnding Transaction InitiatedTypeError: Cannot convert undefined or null to object
Job Add Signature to PEnding Transaction InitiatedTypeError: Cannot convert undefined or null to object
Job Add Signature to PEnding Transaction InitiatedTypeError: Cannot convert undefined or null to object
Job Add Signature to PEnding Transaction InitiatedTypeError: Cannot convert undefined or null to object
Job Add Signature to PEnding Transaction InitiatedTypeError: Cannot convert undefined or null to object
Job Add Signature to PEnding Transaction InitiatedTypeError: Cannot convert undefined or null to object
Job Add Signature to PEnding Transaction InitiatedTypeError: Cannot convert undefined or null to object
Job Add Signature to PEnding Transaction InitiatedTypeError: Cannot convert undefined or null to object
Job Add Signature to PEnding Transaction InitiatedTypeError: Cannot convert undefined or null to object
Job Add Signature to PEnding Transaction InitiatedTypeError: Cannot convert undefined or null to object
Job Add Signature to PEnding Transaction InitiatedTypeError: Cannot convert undefined or null to object
Job Add Signature to PEnding Transaction InitiatedTypeError: Cannot convert undefined or null to object
Job Add Signature to PEnding Transaction InitiatedTypeError: Cannot convert undefined or null to object
Job Add Signature to PEnding Transaction InitiatedTypeError: Cannot convert undefined or null to object
Job Add Signature to PEnding Transaction InitiatedTypeError: Cannot convert undefined or null to object
Job Add Signature to PEnding Transaction InitiatedTypeError: Cannot convert undefined or null to object
Job Add Signature to PEnding Transaction InitiatedTypeError: Cannot convert undefined or null to object
Job Add Signature to PEnding Transaction InitiatedTypeError: Cannot convert undefined or null to object
Job Add Signature to PEnding Transaction InitiatedTypeError: Cannot convert undefined or null to object
Job Add Signature to PEnding Transaction InitiatedTypeError: Cannot convert undefined or null to object
Job Add Signature to PEnding Transaction InitiatedTypeError: Cannot convert undefined or null to object
Job Add Signature to PEnding Transaction InitiatedTypeError: Cannot convert undefined or null to object
Job Add Signature to PEnding Transaction InitiatedTypeError: Cannot convert undefined or null to object
Job Add Signature to PEnding Transaction InitiatedTypeError: Cannot convert undefined or null to object
Job Add Signature to PEnding Transaction InitiatedTypeError: Cannot convert undefined or null to object
Job Add Signature to PEnding Transaction InitiatedTypeError: Cannot convert undefined or null to object
Job Add Signature to PEnding Transaction InitiatedTypeError: Cannot convert undefined or null to object
Job Add Signature to PEnding Transaction InitiatedTypeError: Cannot convert undefined or null to object
Job Add Signature to PEnding Transaction InitiatedTypeError: Cannot convert undefined or null to object
Job Add Signature to PEnding Transaction InitiatedTypeError: Cannot convert undefined or null to object
Job Add Signature to PEnding Transaction InitiatedTypeError: Cannot convert undefined or null to object
Job Add Signature to PEnding Transaction InitiatedTypeError: Cannot convert undefined or null to object
Job Add Signature to PEnding Transaction InitiatedTypeError: Cannot convert undefined or null to object
Job Add Signature to PEnding Transaction InitiatedTypeError: Cannot convert undefined or null to object
Job Add Signature to PEnding Transaction InitiatedTypeError: Cannot convert undefined or null to object
Job Add Signature to PEnding Transaction InitiatedTypeError: Cannot convert undefined or null to object
Job Add Signature to PEnding Transaction InitiatedTypeError: Cannot convert undefined or null to object
Job Add Signature to PEnding Transaction InitiatedTypeError: Cannot convert undefined or null to object
Job Add Signature to PEnding Transaction InitiatedTypeError: Cannot convert undefined or null to object
Job Add Signature to PEnding Transaction InitiatedTypeError: Cannot convert undefined or null to object
Job Add Signature to PEnding Transaction InitiatedTypeError: Cannot convert undefined or null to object
Job Add Signature to PEnding Transaction InitiatedTypeError: Cannot convert undefined or null to object
Job Add Signature to PEnding Transaction InitiatedTypeError: Cannot convert undefined or null to object
Job Add Signature to PEnding Transaction InitiatedTypeError: Cannot convert undefined or null to object
Job Add Signature to PEnding Transaction InitiatedTypeError: Cannot convert undefined or null to object
Job Add Signature to PEnding Transaction InitiatedTypeError: Cannot convert undefined or null to object
Job Add Signature to PEnding Transaction InitiatedTypeError: Cannot convert undefined or null to object
Job Add Signature to PEnding Transaction InitiatedTypeError: Cannot convert undefined or null to object
Job Add Signature to PEnding Transaction InitiatedTypeError: Cannot convert undefined or null to object
Job Add Signature to PEnding Transaction InitiatedTypeError: Cannot convert undefined or null to object
Job Add Signature to PEnding Transaction InitiatedTypeError: Cannot convert undefined or null to object
Job Add Signature to PEnding Transaction InitiatedTypeError: Cannot convert undefined or null to object
Job Add Signature to PEnding Transaction InitiatedTypeError: Cannot convert undefined or null to object
Job Add Signature to PEnding Transaction InitiatedTypeError: Cannot convert undefined or null to object
Job Add Signature to PEnding Transaction InitiatedTypeError: Cannot convert undefined or null to object
Job Add Signature to PEnding Transaction InitiatedTypeError: Cannot convert undefined or null to object
Job Add Signature to PEnding Transaction InitiatedTypeError: Cannot convert undefined or null to object
Job Add Signature to PEnding Transaction InitiatedTypeError: Cannot convert undefined or null to object
Job Add Signature to PEnding Transaction InitiatedTypeError: Cannot convert undefined or null to object
Job Add Signature to PEnding Transaction InitiatedTypeError: Cannot convert undefined or null to object
Job Add Signature to PEnding Transaction InitiatedTypeError: Cannot convert undefined or null to object
Job Add Signature to PEnding Transaction InitiatedTypeError: Cannot convert undefined or null to object
Job Add Signature to PEnding Transaction InitiatedTypeError: Cannot convert undefined or null to object
Job Add Signature to PEnding Transaction InitiatedTypeError: Cannot convert undefined or null to object
Job Add Signature to PEnding Transaction InitiatedTypeError: Cannot convert undefined or null to object
Job Add Signature to PEnding Transaction InitiatedTypeError: Cannot convert undefined or null to object
Job Add Signature to PEnding Transaction InitiatedTypeError: Cannot convert undefined or null to object
Job Add Signature to PEnding Transaction InitiatedTypeError: Cannot convert undefined or null to object
Job Add Signature to PEnding Transaction InitiatedTypeError: Cannot convert undefined or null to object
Job Add Signature to PEnding Transaction InitiatedTypeError: Cannot convert undefined or null to object
Job Add Signature to PEnding Transaction InitiatedTypeError: Cannot convert undefined or null to object
Job Add Signature to PEnding Transaction InitiatedTypeError: Cannot convert undefined or null to object
Job Add Signature to PEnding Transaction InitiatedTypeError: Cannot convert undefined or null to object
Job Add Signature to PEnding Transaction InitiatedTypeError: Cannot convert undefined or null to object
Job Add Signature to PEnding Transaction InitiatedTypeError: Cannot convert undefined or null to object
Job Add Signature to PEnding Transaction InitiatedTypeError: Cannot convert undefined or null to object
Job Add Signature to PEnding Transaction InitiatedTypeError: Cannot convert undefined or null to object
Job Add Signature to PEnding Transaction InitiatedTypeError: Cannot convert undefined or null to object
Job Add Signature to PEnding Transaction InitiatedTypeError: Cannot convert undefined or null to object
Job Add Signature to PEnding Transaction InitiatedTypeError: Cannot convert undefined or null to object
Job Add Signature to PEnding Transaction InitiatedTypeError: Cannot convert undefined or null to object
Job Add Signature to PEnding Transaction InitiatedTypeError: Cannot convert undefined or null to object
Job Add Signature to PEnding Transaction InitiatedTypeError: Cannot convert undefined or null to object
Job Add Signature to PEnding Transaction InitiatedTypeError: Cannot convert undefined or null to object
Job Add Signature to PEnding Transaction InitiatedTypeError: Cannot convert undefined or null to object
Job Add Signature to PEnding Transaction InitiatedTypeError: Cannot convert undefined or null to object
Job Add Signature to PEnding Transaction InitiatedTypeError: Cannot convert undefined or null to object
Job Add Signature to PEnding Transaction InitiatedTypeError: Cannot convert undefined or null to object
Job Add Signature to PEnding Transaction InitiatedTypeError: Cannot convert undefined or null to object
Job Add Signature to PEnding Transaction InitiatedTypeError: Cannot convert undefined or null to object
Job Add Signature to PEnding Transaction InitiatedTypeError: Cannot convert undefined or null to object
Job Add Signature to PEnding Transaction InitiatedTypeError: Cannot convert undefined or null to object
Job Add Signature to PEnding Transaction InitiatedTypeError: Cannot convert undefined or null to object
Job Add Signature to PEnding Transaction InitiatedTypeError: Cannot convert undefined or null to object
Job Add Signature to PEnding Transaction InitiatedTypeError: Cannot convert undefined or null to object
Job Add Signature to PEnding Transaction InitiatedTypeError: Cannot convert undefined or null to object
Job Add Signature to PEnding Transaction InitiatedTypeError: Cannot convert undefined or null to object
Job Add Signature to PEnding Transaction InitiatedTypeError: Cannot convert undefined or null to object
Job Add Signature to PEnding Transaction InitiatedTypeError: Cannot convert undefined or null to object
Job Add Signature to PEnding Transaction InitiatedTypeError: Cannot convert undefined or null to object
Job Add Signature to PEnding Transaction InitiatedTypeError: Cannot convert undefined or null to object
Job Add Signature to PEnding Transaction InitiatedTypeError: Cannot convert undefined or null to object
Job Add Signature to PEnding Transaction InitiatedTypeError: Cannot convert undefined or null to object
Job Add Signature to PEnding Transaction InitiatedTypeError: Cannot convert undefined or null to object
Job Add Signature to PEnding Transaction InitiatedTypeError: Cannot convert undefined or null to object
Job Add Signature to PEnding Transaction InitiatedTypeError: Cannot convert undefined or null to object
Job Add Signature to PEnding Transaction InitiatedTypeError: Cannot convert undefined or null to object
Job Add Signature to PEnding Transaction InitiatedTypeError: Cannot convert undefined or null to object
Job Add Signature to PEnding Transaction InitiatedTypeError: Cannot convert undefined or null to object
Job Add Signature to PEnding Transaction InitiatedTypeError: Cannot convert undefined or null to object
Job Add Signature to PEnding Transaction InitiatedTypeError: Cannot convert undefined or null to object
Job Add Signature to PEnding Transaction InitiatedTypeError: Cannot convert undefined or null to object
Job Add Signature to PEnding Transaction InitiatedTypeError: Cannot convert undefined or null to object
Job Add Signature to PEnding Transaction InitiatedTypeError: Cannot convert undefined or null to object
Job Add Signature to PEnding Transaction InitiatedTypeError: Cannot convert undefined or null to object
Job Add Signature to PEnding Transaction InitiatedTypeError: Cannot convert undefined or null to object
Job Add Signature to PEnding Transaction InitiatedTypeError: Cannot convert undefined or null to object
Job Add Signature to PEnding Transaction InitiatedTypeError: Cannot convert undefined or null to object
Job Add Signature to PEnding Transaction InitiatedTypeError: Cannot convert undefined or null to object
Job Add Signature to PEnding Transaction InitiatedTypeError: Cannot convert undefined or null to object
Job Add Signature to PEnding Transaction InitiatedTypeError: Cannot convert undefined or null to object
Job Add Signature to PEnding Transaction InitiatedTypeError: Cannot convert undefined or null to object
Job Add Signature to PEnding Transaction InitiatedTypeError: Cannot convert undefined or null to object
Job Add Signature to PEnding Transaction InitiatedTypeError: Cannot convert undefined or null to object
Job Add Signature to PEnding Transaction InitiatedTypeError: Cannot convert undefined or null to object
Job Add Signature to PEnding Transaction InitiatedTypeError: Cannot convert undefined or null to object
Job Add Signature to PEnding Transaction InitiatedTypeError: Cannot convert undefined or null to object
Job Add Signature to PEnding Transaction InitiatedTypeError: Cannot convert undefined or null to object
Job Add Signature to PEnding Transaction InitiatedTypeError: Cannot convert undefined or null to object
Job Add Signature to PEnding Transaction InitiatedTypeError: Cannot convert undefined or null to object
Job Add Signature to PEnding Transaction InitiatedTypeError: Cannot convert undefined or null to object
Job Add Signature to PEnding Transaction InitiatedTypeError: Cannot convert undefined or null to object
Job Add Signature to PEnding Transaction InitiatedTypeError: Cannot convert undefined or null to object
Job Add Signature to PEnding Transaction InitiatedTypeError: Cannot convert undefined or null to object
Job Add Signature to PEnding Transaction InitiatedTypeError: Cannot convert undefined or null to object
Job Add Signature to PEnding Transaction InitiatedTypeError: Cannot convert undefined or null to object
Job Add Signature to PEnding Transaction InitiatedTypeError: Cannot convert undefined or null to object
Job Add Signature to PEnding Transaction InitiatedTypeError: Cannot convert undefined or null to object
Job Add Signature to PEnding Transaction InitiatedTypeError: Cannot convert undefined or null to object
Job Add Signature to PEnding Transaction InitiatedTypeError: Cannot convert undefined or null to object
Job Add Signature to PEnding Transaction InitiatedTypeError: Cannot convert undefined or null to object
Job Add Signature to PEnding Transaction InitiatedTypeError: Cannot convert undefined or null to object
Job Add Signature to PEnding Transaction InitiatedTypeError: Cannot convert undefined or null to object
Job Add Signature to PEnding Transaction InitiatedTypeError: Cannot convert undefined or null to object
Job Add Signature to PEnding Transaction InitiatedTypeError: Cannot convert undefined or null to object
Job Add Signature to PEnding Transaction InitiatedTypeError: Cannot convert undefined or null to object
Job Add Signature to PEnding Transaction InitiatedTypeError: Cannot convert undefined or null to object
Job Add Signature to PEnding Transaction InitiatedTypeError: Cannot convert undefined or null to object
Job Add Signature to PEnding Transaction InitiatedTypeError: Cannot convert undefined or null to object
Job Add Signature to PEnding Transaction InitiatedTypeError: Cannot convert undefined or null to object
Job Add Signature to PEnding Transaction InitiatedTypeError: Cannot convert undefined or null to object
Job Add Signature to PEnding Transaction InitiatedTypeError: Cannot convert undefined or null to object
Job Add Signature to PEnding Transaction InitiatedTypeError: Cannot convert undefined or null to object
Job Add Signature to PEnding Transaction InitiatedTypeError: Cannot convert undefined or null to object
Job Add Signature to PEnding Transaction InitiatedTypeError: Cannot convert undefined or null to object
Job Add Signature to PEnding Transaction InitiatedTypeError: Cannot convert undefined or null to object
Job Add Signature to PEnding Transaction InitiatedTypeError: Cannot convert undefined or null to object
Job Add Signature to PEnding Transaction InitiatedTypeError: Cannot convert undefined or null to object
Job Add Signature to PEnding Transaction InitiatedTypeError: Cannot convert undefined or null to object
Job Add Signature to PEnding Transaction InitiatedTypeError: Cannot convert undefined or null to object
Job Add Signature to PEnding Transaction InitiatedTypeError: Cannot convert undefined or null to object
Job Add Signature to PEnding Transaction InitiatedTypeError: Cannot convert undefined or null to object
Job Add Signature to PEnding Transaction InitiatedTypeError: Cannot convert undefined or null to object
Job Add Signature to PEnding Transaction InitiatedTypeError: Cannot convert undefined or null to object
Job Add Signature to PEnding Transaction InitiatedTypeError: Cannot convert undefined or null to object
Job Add Signature to PEnding Transaction InitiatedTypeError: Cannot convert undefined or null to object
Job Add Signature to PEnding Transaction InitiatedTypeError: Cannot convert undefined or null to object
Aborted (core dumped)
npm ERR! code ELIFECYCLE
npm ERR! errno 134
npm ERR! odometerapi@0.0.0 start: `node ./bin/www`
npm ERR! Exit status 134
npm ERR! 
npm ERR! Failed at the odometerapi@0.0.0 start script.
npm ERR! This is probably not a problem with npm. There is likely additional logging output above.

> odometerapi@0.0.0 start /home/renault/Documents/repo/ethereum_poo/api_admin1/odometerapi
> node ./bin/www

[Mon Sep 30 17:42:12 2019] com.ibm.diagnostics.healthcenter.loader INFO: Node Application Metrics 5.0.5.201909301732 (Agent Core 4.0.5)
[Mon Sep 30 17:42:13 2019] com.ibm.diagnostics.healthcenter.mqtt INFO: Connecting to broker localhost:1883
Cannot find module 'node-report/api': skipping optional dependency
appmetrics-dash listening on :::3001

> odometerapi@0.0.0 start /home/renault/Documents/repo/ethereum_poo/api_admin1/odometerapi
> node ./bin/www "0.0.0.0"

[Mon Sep 30 17:48:08 2019] com.ibm.diagnostics.healthcenter.loader INFO: Node Application Metrics 5.0.5.201909301732 (Agent Core 4.0.5)
[Mon Sep 30 17:48:08 2019] com.ibm.diagnostics.healthcenter.mqtt INFO: Connecting to broker localhost:1883
Cannot find module 'node-report/api': skipping optional dependency
appmetrics-dash listening on :::3001

> odometerapi@0.0.0 start /home/renault/Documents/repo/ethereum_poo/api_admin1/odometerapi
> node ./bin/www "10.214.222.202:3001"

[Mon Sep 30 17:51:18 2019] com.ibm.diagnostics.healthcenter.loader INFO: Node Application Metrics 5.0.5.201909301732 (Agent Core 4.0.5)
[Mon Sep 30 17:51:18 2019] com.ibm.diagnostics.healthcenter.mqtt INFO: Connecting to broker localhost:1883
Cannot find module 'node-report/api': skipping optional dependency
appmetrics-dash listening on :::3001

> odometerapi@0.0.0 start /home/renault/Documents/repo/ethereum_poo/api_admin1/odometerapi
> node ./bin/www

[Mon Sep 30 18:21:26 2019] com.ibm.diagnostics.healthcenter.loader INFO: Node Application Metrics 5.0.5.201909301732 (Agent Core 4.0.5)
[Mon Sep 30 18:21:27 2019] com.ibm.diagnostics.healthcenter.mqtt INFO: Connecting to broker localhost:1883
Cannot find module 'node-report/api': skipping optional dependency
Port 3000 is already in use
npm ERR! code ELIFECYCLE
npm ERR! errno 1
npm ERR! odometerapi@0.0.0 start: `node ./bin/www`
npm ERR! Exit status 1
npm ERR! 
npm ERR! Failed at the odometerapi@0.0.0 start script.
npm ERR! This is probably not a problem with npm. There is likely additional logging output above.

> odometerapi@0.0.0 start /home/renault/Documents/repo/ethereum_poo/api_admin1/odometerapi
> node ./bin/www

[Mon Sep 30 18:22:04 2019] com.ibm.diagnostics.healthcenter.loader INFO: Node Application Metrics 5.0.5.201909301732 (Agent Core 4.0.5)
[Mon Sep 30 18:22:04 2019] com.ibm.diagnostics.healthcenter.mqtt INFO: Connecting to broker localhost:1883
Cannot find module 'node-report/api': skipping optional dependency

> odometerapi@0.0.0 start /home/renault/Documents/repo/ethereum_poo/api_admin1/odometerapi
> node ./bin/www "0.0.0.0"

[Mon Sep 30 18:25:50 2019] com.ibm.diagnostics.healthcenter.loader INFO: Node Application Metrics 5.0.5.201909301732 (Agent Core 4.0.5)
[Mon Sep 30 18:25:51 2019] com.ibm.diagnostics.healthcenter.mqtt INFO: Connecting to broker localhost:1883
Cannot find module 'node-report/api': skipping optional dependency
Job Add Signature to PEnding Transaction InitiatedTypeError: Cannot convert undefined or null to object
Job Add Signature to PEnding Transaction InitiatedTypeError: Cannot convert undefined or null to object
Job Add Signature to PEnding Transaction InitiatedTypeError: Cannot convert undefined or null to object
